<?xml version="1.0" encoding="UTF-8"?>
<testng-results total="1" passed="1" failed="0" skipped="0">
  <reporter-output>
  </reporter-output>
  <suite started-at="2023-02-08T03:02:53Z" name="TestCase1" finished-at="2023-02-08T03:02:58Z" duration-ms="5250">
    <groups>
    </groups>
    <test started-at="2023-02-08T03:02:53Z" name="Command line test" finished-at="2023-02-08T03:02:58Z" duration-ms="5250">
      <class name="TestCase1">
        <test-method is-config="true" signature="setUp()[pri:0, instance:TestCase1@fe18270]" started-at="2023-02-08T10:02:53Z" name="setUp" finished-at="2023-02-08T10:02:55Z" duration-ms="2150" status="PASS">
          <reporter-output>
          </reporter-output>
        </test-method> <!-- setUp -->
        <test-method signature="firstTry()[pri:0, instance:TestCase1@fe18270]" started-at="2023-02-08T10:02:55Z" name="firstTry" finished-at="2023-02-08T10:02:58Z" duration-ms="3003" status="PASS">
          <reporter-output>
          </reporter-output>
        </test-method> <!-- firstTry -->
        <test-method is-config="true" signature="tearDown()[pri:0, instance:TestCase1@fe18270]" started-at="2023-02-08T10:02:58Z" name="tearDown" finished-at="2023-02-08T10:02:58Z" duration-ms="87" status="PASS">
          <reporter-output>
          </reporter-output>
        </test-method> <!-- tearDown -->
      </class> <!-- TestCase1 -->
    </test> <!-- Command line test -->
  </suite> <!-- TestCase1 -->
</testng-results>
